0 verbose cli /opt/homebrew/Cellar/node/24.5.0/bin/node /opt/homebrew/bin/npm
1 info using npm@11.5.1
2 info using node@v24.5.0
3 silly config load:file:/opt/homebrew/lib/node_modules/npm/npmrc
4 silly config load:file:/Users/shkelqimkajtazaj/Downloads/glasstask/.npmrc
5 silly config load:file:/Users/shkelqimkajtazaj/.npmrc
6 silly config load:file:/opt/homebrew/etc/npmrc
7 verbose title npm install
8 verbose argv "install" "--legacy-peer-deps"
9 verbose logfile logs-max:10 dir:/Users/shkelqimkajtazaj/.npm/_logs/2025-08-27T20_36_25_400Z-
10 verbose logfile /Users/shkelqimkajtazaj/.npm/_logs/2025-08-27T20_36_25_400Z-debug-0.log
11 silly logfile start cleaning logs, removing 1 files
12 silly packumentCache heap:4496293888 maxSize:1124073472 maxEntrySize:562036736
13 silly logfile done cleaning log files
14 silly idealTree buildDeps
15 silly reify mark retired [
15 silly reify   '/Users/shkelqimkajtazaj/Downloads/glasstask/node_modules/@jridgewell/source-map'
15 silly reify ]
16 silly reify mark retired [
16 silly reify   '/Users/shkelqimkajtazaj/Downloads/glasstask/node_modules/@next/env'
16 silly reify ]
17 silly reify mark retired [
17 silly reify   '/Users/shkelqimkajtazaj/Downloads/glasstask/node_modules/@swc/helpers'
17 silly reify ]
18 silly reify mark retired [
18 silly reify   '/Users/shkelqimkajtazaj/Downloads/glasstask/node_modules/@testing-library/dom'
18 silly reify ]
19 silly reify mark retired [
19 silly reify   '/Users/shkelqimkajtazaj/Downloads/glasstask/node_modules/@types/aria-query'
19 silly reify ]
20 silly reify mark retired [
20 silly reify   '/Users/shkelqimkajtazaj/Downloads/glasstask/node_modules/@types/eslint'
20 silly reify ]
21 silly reify mark retired [
21 silly reify   '/Users/shkelqimkajtazaj/Downloads/glasstask/node_modules/@types/eslint-scope'
21 silly reify ]
22 silly reify mark retired [
22 silly reify   '/Users/shkelqimkajtazaj/Downloads/glasstask/node_modules/@types/json-schema'
22 silly reify ]
23 silly reify mark retired [
23 silly reify   '/Users/shkelqimkajtazaj/Downloads/glasstask/node_modules/@webassemblyjs/ast'
23 silly reify ]
24 silly reify mark retired [
24 silly reify   '/Users/shkelqimkajtazaj/Downloads/glasstask/node_modules/@webassemblyjs/floating-point-hex-parser'
24 silly reify ]
25 silly reify mark retired [
25 silly reify   '/Users/shkelqimkajtazaj/Downloads/glasstask/node_modules/@webassemblyjs/helper-api-error'
25 silly reify ]
26 silly reify mark retired [
26 silly reify   '/Users/shkelqimkajtazaj/Downloads/glasstask/node_modules/@webassemblyjs/helper-buffer'
26 silly reify ]
27 silly reify mark retired [
27 silly reify   '/Users/shkelqimkajtazaj/Downloads/glasstask/node_modules/@webassemblyjs/helper-numbers'
27 silly reify ]
28 silly reify mark retired [
28 silly reify   '/Users/shkelqimkajtazaj/Downloads/glasstask/node_modules/@webassemblyjs/helper-wasm-bytecode'
28 silly reify ]
29 silly reify mark retired [
29 silly reify   '/Users/shkelqimkajtazaj/Downloads/glasstask/node_modules/@webassemblyjs/helper-wasm-section'
29 silly reify ]
30 silly reify mark retired [
30 silly reify   '/Users/shkelqimkajtazaj/Downloads/glasstask/node_modules/@webassemblyjs/ieee754'
30 silly reify ]
31 silly reify mark retired [
31 silly reify   '/Users/shkelqimkajtazaj/Downloads/glasstask/node_modules/@webassemblyjs/leb128'
31 silly reify ]
32 silly reify mark retired [
32 silly reify   '/Users/shkelqimkajtazaj/Downloads/glasstask/node_modules/@webassemblyjs/utf8'
32 silly reify ]
33 silly reify mark retired [
33 silly reify   '/Users/shkelqimkajtazaj/Downloads/glasstask/node_modules/@webassemblyjs/wasm-edit'
33 silly reify ]
34 silly reify mark retired [
34 silly reify   '/Users/shkelqimkajtazaj/Downloads/glasstask/node_modules/@webassemblyjs/wasm-gen'
34 silly reify ]
35 silly reify mark retired [
35 silly reify   '/Users/shkelqimkajtazaj/Downloads/glasstask/node_modules/@webassemblyjs/wasm-opt'
35 silly reify ]
36 silly reify mark retired [
36 silly reify   '/Users/shkelqimkajtazaj/Downloads/glasstask/node_modules/@webassemblyjs/wasm-parser'
36 silly reify ]
37 silly reify mark retired [
37 silly reify   '/Users/shkelqimkajtazaj/Downloads/glasstask/node_modules/@webassemblyjs/wast-printer'
37 silly reify ]
38 silly reify mark retired [
38 silly reify   '/Users/shkelqimkajtazaj/Downloads/glasstask/node_modules/@xtuc/ieee754'
38 silly reify ]
39 silly reify mark retired [
39 silly reify   '/Users/shkelqimkajtazaj/Downloads/glasstask/node_modules/@xtuc/long'
39 silly reify ]
40 silly reify mark retired [
40 silly reify   '/Users/shkelqimkajtazaj/Downloads/glasstask/node_modules/acorn',
40 silly reify   '/Users/shkelqimkajtazaj/Downloads/glasstask/node_modules/.bin/acorn'
40 silly reify ]
41 silly reify mark retired [
41 silly reify   '/Users/shkelqimkajtazaj/Downloads/glasstask/node_modules/acorn-import-phases'
41 silly reify ]
42 silly reify mark retired [ '/Users/shkelqimkajtazaj/Downloads/glasstask/node_modules/ajv' ]
43 silly reify mark retired [
43 silly reify   '/Users/shkelqimkajtazaj/Downloads/glasstask/node_modules/ajv-formats'
43 silly reify ]
44 silly reify mark retired [
44 silly reify   '/Users/shkelqimkajtazaj/Downloads/glasstask/node_modules/ajv-keywords'
44 silly reify ]
45 silly reify mark retired [
45 silly reify   '/Users/shkelqimkajtazaj/Downloads/glasstask/node_modules/buffer-from'
45 silly reify ]
46 silly reify mark retired [
46 silly reify   '/Users/shkelqimkajtazaj/Downloads/glasstask/node_modules/chrome-trace-event'
46 silly reify ]
47 silly reify mark retired [
47 silly reify   '/Users/shkelqimkajtazaj/Downloads/glasstask/node_modules/client-only'
47 silly reify ]
48 silly reify mark retired [
48 silly reify   '/Users/shkelqimkajtazaj/Downloads/glasstask/node_modules/enhanced-resolve'
48 silly reify ]
49 silly reify mark retired [
49 silly reify   '/Users/shkelqimkajtazaj/Downloads/glasstask/node_modules/es-module-lexer'
49 silly reify ]
50 silly reify mark retired [
50 silly reify   '/Users/shkelqimkajtazaj/Downloads/glasstask/node_modules/eslint-scope'
50 silly reify ]
51 silly reify mark retired [
51 silly reify   '/Users/shkelqimkajtazaj/Downloads/glasstask/node_modules/esrecurse'
51 silly reify ]
52 silly reify mark retired [
52 silly reify   '/Users/shkelqimkajtazaj/Downloads/glasstask/node_modules/estraverse'
52 silly reify ]
53 silly reify mark retired [ '/Users/shkelqimkajtazaj/Downloads/glasstask/node_modules/events' ]
54 silly reify mark retired [
54 silly reify   '/Users/shkelqimkajtazaj/Downloads/glasstask/node_modules/fast-deep-equal'
54 silly reify ]
55 silly reify mark retired [ '/Users/shkelqimkajtazaj/Downloads/glasstask/node_modules/fast-uri' ]
56 silly reify mark retired [
56 silly reify   '/Users/shkelqimkajtazaj/Downloads/glasstask/node_modules/glob-to-regexp'
56 silly reify ]
57 silly reify mark retired [
57 silly reify   '/Users/shkelqimkajtazaj/Downloads/glasstask/node_modules/jest-worker'
57 silly reify ]
58 silly reify mark retired [
58 silly reify   '/Users/shkelqimkajtazaj/Downloads/glasstask/node_modules/json-parse-even-better-errors'
58 silly reify ]
59 silly reify mark retired [
59 silly reify   '/Users/shkelqimkajtazaj/Downloads/glasstask/node_modules/json-schema-traverse'
59 silly reify ]
60 silly reify mark retired [
60 silly reify   '/Users/shkelqimkajtazaj/Downloads/glasstask/node_modules/loader-runner'
60 silly reify ]
61 silly reify mark retired [
61 silly reify   '/Users/shkelqimkajtazaj/Downloads/glasstask/node_modules/merge-stream'
61 silly reify ]
62 silly reify mark retired [
62 silly reify   '/Users/shkelqimkajtazaj/Downloads/glasstask/node_modules/neo-async'
62 silly reify ]
63 silly reify mark retired [
63 silly reify   '/Users/shkelqimkajtazaj/Downloads/glasstask/node_modules/next',
63 silly reify   '/Users/shkelqimkajtazaj/Downloads/glasstask/node_modules/.bin/next'
63 silly reify ]
64 silly reify mark retired [
64 silly reify   '/Users/shkelqimkajtazaj/Downloads/glasstask/node_modules/pretty-format'
64 silly reify ]
65 silly reify mark retired [
65 silly reify   '/Users/shkelqimkajtazaj/Downloads/glasstask/node_modules/randombytes'
65 silly reify ]
66 silly reify mark retired [
66 silly reify   '/Users/shkelqimkajtazaj/Downloads/glasstask/node_modules/require-from-string'
66 silly reify ]
67 silly reify mark retired [
67 silly reify   '/Users/shkelqimkajtazaj/Downloads/glasstask/node_modules/safe-buffer'
67 silly reify ]
68 silly reify mark retired [
68 silly reify   '/Users/shkelqimkajtazaj/Downloads/glasstask/node_modules/schema-utils'
68 silly reify ]
69 silly reify mark retired [
69 silly reify   '/Users/shkelqimkajtazaj/Downloads/glasstask/node_modules/serialize-javascript'
69 silly reify ]
70 silly reify mark retired [
70 silly reify   '/Users/shkelqimkajtazaj/Downloads/glasstask/node_modules/source-map'
70 silly reify ]
71 silly reify mark retired [
71 silly reify   '/Users/shkelqimkajtazaj/Downloads/glasstask/node_modules/source-map-support'
71 silly reify ]
72 silly reify mark retired [
72 silly reify   '/Users/shkelqimkajtazaj/Downloads/glasstask/node_modules/styled-jsx'
72 silly reify ]
73 silly reify mark retired [ '/Users/shkelqimkajtazaj/Downloads/glasstask/node_modules/tapable' ]
74 silly reify mark retired [
74 silly reify   '/Users/shkelqimkajtazaj/Downloads/glasstask/node_modules/terser',
74 silly reify   '/Users/shkelqimkajtazaj/Downloads/glasstask/node_modules/.bin/terser'
74 silly reify ]
75 silly reify mark retired [
75 silly reify   '/Users/shkelqimkajtazaj/Downloads/glasstask/node_modules/terser-webpack-plugin'
75 silly reify ]
76 silly reify mark retired [
76 silly reify   '/Users/shkelqimkajtazaj/Downloads/glasstask/node_modules/watchpack'
76 silly reify ]
77 silly reify mark retired [
77 silly reify   '/Users/shkelqimkajtazaj/Downloads/glasstask/node_modules/webpack',
77 silly reify   '/Users/shkelqimkajtazaj/Downloads/glasstask/node_modules/.bin/webpack'
77 silly reify ]
78 silly reify mark retired [
78 silly reify   '/Users/shkelqimkajtazaj/Downloads/glasstask/node_modules/webpack-sources'
78 silly reify ]
79 silly reify moves {
79 silly reify   '/Users/shkelqimkajtazaj/Downloads/glasstask/node_modules/@jridgewell/source-map': '/Users/shkelqimkajtazaj/Downloads/glasstask/node_modules/@jridgewell/.source-map-UFVHt9X2',
79 silly reify   '/Users/shkelqimkajtazaj/Downloads/glasstask/node_modules/@next/env': '/Users/shkelqimkajtazaj/Downloads/glasstask/node_modules/@next/.env-AjP8gJke',
79 silly reify   '/Users/shkelqimkajtazaj/Downloads/glasstask/node_modules/@swc/helpers': '/Users/shkelqimkajtazaj/Downloads/glasstask/node_modules/@swc/.helpers-398SUq2B',
79 silly reify   '/Users/shkelqimkajtazaj/Downloads/glasstask/node_modules/@testing-library/dom': '/Users/shkelqimkajtazaj/Downloads/glasstask/node_modules/@testing-library/.dom-mkXbp2tc',
79 silly reify   '/Users/shkelqimkajtazaj/Downloads/glasstask/node_modules/@types/aria-query': '/Users/shkelqimkajtazaj/Downloads/glasstask/node_modules/@types/.aria-query-I30YCH7R',
79 silly reify   '/Users/shkelqimkajtazaj/Downloads/glasstask/node_modules/@types/eslint': '/Users/shkelqimkajtazaj/Downloads/glasstask/node_modules/@types/.eslint-5194C8xA',
79 silly reify   '/Users/shkelqimkajtazaj/Downloads/glasstask/node_modules/@types/eslint-scope': '/Users/shkelqimkajtazaj/Downloads/glasstask/node_modules/@types/.eslint-scope-0jvU1MMM',
79 silly reify   '/Users/shkelqimkajtazaj/Downloads/glasstask/node_modules/@types/json-schema': '/Users/shkelqimkajtazaj/Downloads/glasstask/node_modules/@types/.json-schema-jPwSnBsU',
79 silly reify   '/Users/shkelqimkajtazaj/Downloads/glasstask/node_modules/@webassemblyjs/ast': '/Users/shkelqimkajtazaj/Downloads/glasstask/node_modules/@webassemblyjs/.ast-m9fbI94f',
79 silly reify   '/Users/shkelqimkajtazaj/Downloads/glasstask/node_modules/@webassemblyjs/floating-point-hex-parser': '/Users/shkelqimkajtazaj/Downloads/glasstask/node_modules/@webassemblyjs/.floating-point-hex-parser-Xc2NI87K',
79 silly reify   '/Users/shkelqimkajtazaj/Downloads/glasstask/node_modules/@webassemblyjs/helper-api-error': '/Users/shkelqimkajtazaj/Downloads/glasstask/node_modules/@webassemblyjs/.helper-api-error-8U0BLznL',
79 silly reify   '/Users/shkelqimkajtazaj/Downloads/glasstask/node_modules/@webassemblyjs/helper-buffer': '/Users/shkelqimkajtazaj/Downloads/glasstask/node_modules/@webassemblyjs/.helper-buffer-Q7RZ7yhe',
79 silly reify   '/Users/shkelqimkajtazaj/Downloads/glasstask/node_modules/@webassemblyjs/helper-numbers': '/Users/shkelqimkajtazaj/Downloads/glasstask/node_modules/@webassemblyjs/.helper-numbers-fuL8jJb6',
79 silly reify   '/Users/shkelqimkajtazaj/Downloads/glasstask/node_modules/@webassemblyjs/helper-wasm-bytecode': '/Users/shkelqimkajtazaj/Downloads/glasstask/node_modules/@webassemblyjs/.helper-wasm-bytecode-ezEeoXp0',
79 silly reify   '/Users/shkelqimkajtazaj/Downloads/glasstask/node_modules/@webassemblyjs/helper-wasm-section': '/Users/shkelqimkajtazaj/Downloads/glasstask/node_modules/@webassemblyjs/.helper-wasm-section-dXVIO3RT',
79 silly reify   '/Users/shkelqimkajtazaj/Downloads/glasstask/node_modules/@webassemblyjs/ieee754': '/Users/shkelqimkajtazaj/Downloads/glasstask/node_modules/@webassemblyjs/.ieee754-9k7g9Urv',
79 silly reify   '/Users/shkelqimkajtazaj/Downloads/glasstask/node_modules/@webassemblyjs/leb128': '/Users/shkelqimkajtazaj/Downloads/glasstask/node_modules/@webassemblyjs/.leb128-HkxWSlEX',
79 silly reify   '/Users/shkelqimkajtazaj/Downloads/glasstask/node_modules/@webassemblyjs/utf8': '/Users/shkelqimkajtazaj/Downloads/glasstask/node_modules/@webassemblyjs/.utf8-f9nJ7xTi',
79 silly reify   '/Users/shkelqimkajtazaj/Downloads/glasstask/node_modules/@webassemblyjs/wasm-edit': '/Users/shkelqimkajtazaj/Downloads/glasstask/node_modules/@webassemblyjs/.wasm-edit-t0fIZyzx',
79 silly reify   '/Users/shkelqimkajtazaj/Downloads/glasstask/node_modules/@webassemblyjs/wasm-gen': '/Users/shkelqimkajtazaj/Downloads/glasstask/node_modules/@webassemblyjs/.wasm-gen-tMBU4Plb',
79 silly reify   '/Users/shkelqimkajtazaj/Downloads/glasstask/node_modules/@webassemblyjs/wasm-opt': '/Users/shkelqimkajtazaj/Downloads/glasstask/node_modules/@webassemblyjs/.wasm-opt-LF9FHclf',
79 silly reify   '/Users/shkelqimkajtazaj/Downloads/glasstask/node_modules/@webassemblyjs/wasm-parser': '/Users/shkelqimkajtazaj/Downloads/glasstask/node_modules/@webassemblyjs/.wasm-parser-V6fbVEIy',
79 silly reify   '/Users/shkelqimkajtazaj/Downloads/glasstask/node_modules/@webassemblyjs/wast-printer': '/Users/shkelqimkajtazaj/Downloads/glasstask/node_modules/@webassemblyjs/.wast-printer-rPJdQP3x',
79 silly reify   '/Users/shkelqimkajtazaj/Downloads/glasstask/node_modules/@xtuc/ieee754': '/Users/shkelqimkajtazaj/Downloads/glasstask/node_modules/@xtuc/.ieee754-Z5QWStIB',
79 silly reify   '/Users/shkelqimkajtazaj/Downloads/glasstask/node_modules/@xtuc/long': '/Users/shkelqimkajtazaj/Downloads/glasstask/node_modules/@xtuc/.long-I7YCwHqD',
79 silly reify   '/Users/shkelqimkajtazaj/Downloads/glasstask/node_modules/acorn': '/Users/shkelqimkajtazaj/Downloads/glasstask/node_modules/.acorn-mhzUTq7F',
79 silly reify   '/Users/shkelqimkajtazaj/Downloads/glasstask/node_modules/.bin/acorn': '/Users/shkelqimkajtazaj/Downloads/glasstask/node_modules/.bin/.acorn-sRZjMQlo',
79 silly reify   '/Users/shkelqimkajtazaj/Downloads/glasstask/node_modules/acorn-import-phases': '/Users/shkelqimkajtazaj/Downloads/glasstask/node_modules/.acorn-import-phases-j3M4HcZD',
79 silly reify   '/Users/shkelqimkajtazaj/Downloads/glasstask/node_modules/ajv': '/Users/shkelqimkajtazaj/Downloads/glasstask/node_modules/.ajv-uQip3hx8',
79 silly reify   '/Users/shkelqimkajtazaj/Downloads/glasstask/node_modules/ajv-formats': '/Users/shkelqimkajtazaj/Downloads/glasstask/node_modules/.ajv-formats-x9pBcCTl',
79 silly reify   '/Users/shkelqimkajtazaj/Downloads/glasstask/node_modules/ajv-keywords': '/Users/shkelqimkajtazaj/Downloads/glasstask/node_modules/.ajv-keywords-HTRT9tTP',
79 silly reify   '/Users/shkelqimkajtazaj/Downloads/glasstask/node_modules/buffer-from': '/Users/shkelqimkajtazaj/Downloads/glasstask/node_modules/.buffer-from-hhDGDLjL',
79 silly reify   '/Users/shkelqimkajtazaj/Downloads/glasstask/node_modules/chrome-trace-event': '/Users/shkelqimkajtazaj/Downloads/glasstask/node_modules/.chrome-trace-event-vXZ82fbO',
79 silly reify   '/Users/shkelqimkajtazaj/Downloads/glasstask/node_modules/client-only': '/Users/shkelqimkajtazaj/Downloads/glasstask/node_modules/.client-only-LiHH3W21',
79 silly reify   '/Users/shkelqimkajtazaj/Downloads/glasstask/node_modules/enhanced-resolve': '/Users/shkelqimkajtazaj/Downloads/glasstask/node_modules/.enhanced-resolve-Zn3uO2xh',
79 silly reify   '/Users/shkelqimkajtazaj/Downloads/glasstask/node_modules/es-module-lexer': '/Users/shkelqimkajtazaj/Downloads/glasstask/node_modules/.es-module-lexer-kN95y4yF',
79 silly reify   '/Users/shkelqimkajtazaj/Downloads/glasstask/node_modules/eslint-scope': '/Users/shkelqimkajtazaj/Downloads/glasstask/node_modules/.eslint-scope-Zbx5pXs8',
79 silly reify   '/Users/shkelqimkajtazaj/Downloads/glasstask/node_modules/esrecurse': '/Users/shkelqimkajtazaj/Downloads/glasstask/node_modules/.esrecurse-AAthZwKe',
79 silly reify   '/Users/shkelqimkajtazaj/Downloads/glasstask/node_modules/estraverse': '/Users/shkelqimkajtazaj/Downloads/glasstask/node_modules/.estraverse-Z8p7Re95',
79 silly reify   '/Users/shkelqimkajtazaj/Downloads/glasstask/node_modules/events': '/Users/shkelqimkajtazaj/Downloads/glasstask/node_modules/.events-k5YXJZ1s',
79 silly reify   '/Users/shkelqimkajtazaj/Downloads/glasstask/node_modules/fast-deep-equal': '/Users/shkelqimkajtazaj/Downloads/glasstask/node_modules/.fast-deep-equal-BGwR27OU',
79 silly reify   '/Users/shkelqimkajtazaj/Downloads/glasstask/node_modules/fast-uri': '/Users/shkelqimkajtazaj/Downloads/glasstask/node_modules/.fast-uri-l0VJ4Y2D',
79 silly reify   '/Users/shkelqimkajtazaj/Downloads/glasstask/node_modules/glob-to-regexp': '/Users/shkelqimkajtazaj/Downloads/glasstask/node_modules/.glob-to-regexp-WlPvVNym',
79 silly reify   '/Users/shkelqimkajtazaj/Downloads/glasstask/node_modules/jest-worker': '/Users/shkelqimkajtazaj/Downloads/glasstask/node_modules/.jest-worker-du87VoLE',
79 silly reify   '/Users/shkelqimkajtazaj/Downloads/glasstask/node_modules/json-parse-even-better-errors': '/Users/shkelqimkajtazaj/Downloads/glasstask/node_modules/.json-parse-even-better-errors-8JJbpT91',
79 silly reify   '/Users/shkelqimkajtazaj/Downloads/glasstask/node_modules/json-schema-traverse': '/Users/shkelqimkajtazaj/Downloads/glasstask/node_modules/.json-schema-traverse-KhEmilS5',
79 silly reify   '/Users/shkelqimkajtazaj/Downloads/glasstask/node_modules/loader-runner': '/Users/shkelqimkajtazaj/Downloads/glasstask/node_modules/.loader-runner-726myk4h',
79 silly reify   '/Users/shkelqimkajtazaj/Downloads/glasstask/node_modules/merge-stream': '/Users/shkelqimkajtazaj/Downloads/glasstask/node_modules/.merge-stream-x8sad5Vd',
79 silly reify   '/Users/shkelqimkajtazaj/Downloads/glasstask/node_modules/neo-async': '/Users/shkelqimkajtazaj/Downloads/glasstask/node_modules/.neo-async-zqP7nOc7',
79 silly reify   '/Users/shkelqimkajtazaj/Downloads/glasstask/node_modules/next': '/Users/shkelqimkajtazaj/Downloads/glasstask/node_modules/.next-G326Br4t',
79 silly reify   '/Users/shkelqimkajtazaj/Downloads/glasstask/node_modules/.bin/next': '/Users/shkelqimkajtazaj/Downloads/glasstask/node_modules/.bin/.next-JiGTvSlp',
79 silly reify   '/Users/shkelqimkajtazaj/Downloads/glasstask/node_modules/pretty-format': '/Users/shkelqimkajtazaj/Downloads/glasstask/node_modules/.pretty-format-acsthsZq',
79 silly reify   '/Users/shkelqimkajtazaj/Downloads/glasstask/node_modules/randombytes': '/Users/shkelqimkajtazaj/Downloads/glasstask/node_modules/.randombytes-GcPOQzFY',
79 silly reify   '/Users/shkelqimkajtazaj/Downloads/glasstask/node_modules/require-from-string': '/Users/shkelqimkajtazaj/Downloads/glasstask/node_modules/.require-from-string-pb1NPBgN',
79 silly reify   '/Users/shkelqimkajtazaj/Downloads/glasstask/node_modules/safe-buffer': '/Users/shkelqimkajtazaj/Downloads/glasstask/node_modules/.safe-buffer-kAwS7vyx',
79 silly reify   '/Users/shkelqimkajtazaj/Downloads/glasstask/node_modules/schema-utils': '/Users/shkelqimkajtazaj/Downloads/glasstask/node_modules/.schema-utils-IwZRVCtJ',
79 silly reify   '/Users/shkelqimkajtazaj/Downloads/glasstask/node_modules/serialize-javascript': '/Users/shkelqimkajtazaj/Downloads/glasstask/node_modules/.serialize-javascript-5lVjRzaQ',
79 silly reify   '/Users/shkelqimkajtazaj/Downloads/glasstask/node_modules/source-map': '/Users/shkelqimkajtazaj/Downloads/glasstask/node_modules/.source-map-wiiPL1h0',
79 silly reify   '/Users/shkelqimkajtazaj/Downloads/glasstask/node_modules/source-map-support': '/Users/shkelqimkajtazaj/Downloads/glasstask/node_modules/.source-map-support-FWdkedUG',
79 silly reify   '/Users/shkelqimkajtazaj/Downloads/glasstask/node_modules/styled-jsx': '/Users/shkelqimkajtazaj/Downloads/glasstask/node_modules/.styled-jsx-4ep3ZFuC',
79 silly reify   '/Users/shkelqimkajtazaj/Downloads/glasstask/node_modules/tapable': '/Users/shkelqimkajtazaj/Downloads/glasstask/node_modules/.tapable-9TY1VUOq',
79 silly reify   '/Users/shkelqimkajtazaj/Downloads/glasstask/node_modules/terser': '/Users/shkelqimkajtazaj/Downloads/glasstask/node_modules/.terser-KjC6Zfr3',
79 silly reify   '/Users/shkelqimkajtazaj/Downloads/glasstask/node_modules/.bin/terser': '/Users/shkelqimkajtazaj/Downloads/glasstask/node_modules/.bin/.terser-WXDVdE1x',
79 silly reify   '/Users/shkelqimkajtazaj/Downloads/glasstask/node_modules/terser-webpack-plugin': '/Users/shkelqimkajtazaj/Downloads/glasstask/node_modules/.terser-webpack-plugin-JGPuKaaY',
79 silly reify   '/Users/shkelqimkajtazaj/Downloads/glasstask/node_modules/watchpack': '/Users/shkelqimkajtazaj/Downloads/glasstask/node_modules/.watchpack-1c2mZ1Eh',
79 silly reify   '/Users/shkelqimkajtazaj/Downloads/glasstask/node_modules/webpack': '/Users/shkelqimkajtazaj/Downloads/glasstask/node_modules/.webpack-LHR4aGuK',
79 silly reify   '/Users/shkelqimkajtazaj/Downloads/glasstask/node_modules/.bin/webpack': '/Users/shkelqimkajtazaj/Downloads/glasstask/node_modules/.bin/.webpack-L8skT1mp',
79 silly reify   '/Users/shkelqimkajtazaj/Downloads/glasstask/node_modules/webpack-sources': '/Users/shkelqimkajtazaj/Downloads/glasstask/node_modules/.webpack-sources-IyisKdyg'
79 silly reify }
80 silly audit bulk request {
80 silly audit   '@adobe/css-tools': [ '4.4.3' ],
80 silly audit   '@alloc/quick-lru': [ '5.2.0' ],
80 silly audit   '@ampproject/remapping': [ '2.3.0' ],
80 silly audit   '@babel/code-frame': [ '7.27.1' ],
80 silly audit   '@babel/compat-data': [ '7.27.5' ],
80 silly audit   '@babel/core': [ '7.27.4' ],
80 silly audit   '@babel/generator': [ '7.27.5' ],
80 silly audit   '@babel/helper-compilation-targets': [ '7.27.2' ],
80 silly audit   '@babel/helper-module-imports': [ '7.27.1' ],
80 silly audit   '@babel/helper-module-transforms': [ '7.27.3' ],
80 silly audit   '@babel/helper-plugin-utils': [ '7.27.1' ],
80 silly audit   '@babel/helper-string-parser': [ '7.27.1' ],
80 silly audit   '@babel/helper-validator-identifier': [ '7.27.1' ],
80 silly audit   '@babel/helper-validator-option': [ '7.27.1' ],
80 silly audit   '@babel/helpers': [ '7.27.6' ],
80 silly audit   '@babel/parser': [ '7.27.5' ],
80 silly audit   '@babel/plugin-transform-react-jsx-self': [ '7.27.1' ],
80 silly audit   '@babel/plugin-transform-react-jsx-source': [ '7.27.1' ],
80 silly audit   '@babel/runtime': [ '7.27.6' ],
80 silly audit   '@babel/runtime-corejs3': [ '7.27.6' ],
80 silly audit   '@babel/template': [ '7.27.2' ],
80 silly audit   '@babel/traverse': [ '7.27.4' ],
80 silly audit   '@babel/types': [ '7.27.6' ],
80 silly audit   '@cush/relative': [ '1.0.0' ],
80 silly audit   '@dhiwise/component-tagger': [ '1.0.10' ],
80 silly audit   '@emotion/is-prop-valid': [ '0.8.8' ],
80 silly audit   '@emotion/memoize': [ '0.7.4' ],
80 silly audit   '@esbuild/aix-ppc64': [ '0.25.9' ],
80 silly audit   '@esbuild/android-arm': [ '0.25.9' ],
80 silly audit   '@esbuild/android-arm64': [ '0.25.9' ],
80 silly audit   '@esbuild/android-x64': [ '0.25.9' ],
80 silly audit   '@esbuild/darwin-arm64': [ '0.25.9' ],
80 silly audit   '@esbuild/darwin-x64': [ '0.25.9' ],
80 silly audit   '@esbuild/freebsd-arm64': [ '0.25.9' ],
80 silly audit   '@esbuild/freebsd-x64': [ '0.25.9' ],
80 silly audit   '@esbuild/linux-arm': [ '0.25.9' ],
80 silly audit   '@esbuild/linux-arm64': [ '0.25.9' ],
80 silly audit   '@esbuild/linux-ia32': [ '0.25.9' ],
80 silly audit   '@esbuild/linux-loong64': [ '0.25.9' ],
80 silly audit   '@esbuild/linux-mips64el': [ '0.25.9' ],
80 silly audit   '@esbuild/linux-ppc64': [ '0.25.9' ],
80 silly audit   '@esbuild/linux-riscv64': [ '0.25.9' ],
80 silly audit   '@esbuild/linux-s390x': [ '0.25.9' ],
80 silly audit   '@esbuild/linux-x64': [ '0.25.9' ],
80 silly audit   '@esbuild/netbsd-arm64': [ '0.25.9' ],
80 silly audit   '@esbuild/netbsd-x64': [ '0.25.9' ],
80 silly audit   '@esbuild/openbsd-arm64': [ '0.25.9' ],
80 silly audit   '@esbuild/openbsd-x64': [ '0.25.9' ],
80 silly audit   '@esbuild/openharmony-arm64': [ '0.25.9' ],
80 silly audit   '@esbuild/sunos-x64': [ '0.25.9' ],
80 silly audit   '@esbuild/win32-arm64': [ '0.25.9' ],
80 silly audit   '@esbuild/win32-ia32': [ '0.25.9' ],
80 silly audit   '@esbuild/win32-x64': [ '0.25.9' ],
80 silly audit   '@isaacs/cliui': [ '8.0.2' ],
80 silly audit   '@jest/expect-utils': [ '29.7.0' ],
80 silly audit   '@jest/schemas': [ '29.6.3' ],
80 silly audit   '@jest/types': [ '29.6.3', '26.6.2' ],
80 silly audit   '@jridgewell/gen-mapping': [ '0.3.8' ],
80 silly audit   '@jridgewell/resolve-uri': [ '3.1.2' ],
80 silly audit   '@jridgewell/set-array': [ '1.2.1' ],
80 silly audit   '@jridgewell/sourcemap-codec': [ '1.5.0' ],
80 silly audit   '@jridgewell/trace-mapping': [ '0.3.25' ],
80 silly audit   '@nodelib/fs.scandir': [ '2.1.5' ],
80 silly audit   '@nodelib/fs.stat': [ '2.0.5' ],
80 silly audit   '@nodelib/fs.walk': [ '1.2.8' ],
80 silly audit   '@pkgjs/parseargs': [ '0.11.0' ],
80 silly audit   '@radix-ui/react-compose-refs': [ '1.1.2' ],
80 silly audit   '@radix-ui/react-slot': [ '1.2.3' ],
80 silly audit   '@reduxjs/toolkit': [ '2.8.2' ],
80 silly audit   '@rollup/rollup-android-arm-eabi': [ '4.46.2' ],
80 silly audit   '@rollup/rollup-android-arm64': [ '4.46.2' ],
80 silly audit   '@rollup/rollup-darwin-arm64': [ '4.46.2' ],
80 silly audit   '@rollup/rollup-darwin-x64': [ '4.46.2' ],
80 silly audit   '@rollup/rollup-freebsd-arm64': [ '4.46.2' ],
80 silly audit   '@rollup/rollup-freebsd-x64': [ '4.46.2' ],
80 silly audit   '@rollup/rollup-linux-arm-gnueabihf': [ '4.46.2' ],
80 silly audit   '@rollup/rollup-linux-arm-musleabihf': [ '4.46.2' ],
80 silly audit   '@rollup/rollup-linux-arm64-gnu': [ '4.46.2' ],
80 silly audit   '@rollup/rollup-linux-arm64-musl': [ '4.46.2' ],
80 silly audit   '@rollup/rollup-linux-loongarch64-gnu': [ '4.46.2' ],
80 silly audit   '@rollup/rollup-linux-ppc64-gnu': [ '4.46.2' ],
80 silly audit   '@rollup/rollup-linux-riscv64-gnu': [ '4.46.2' ],
80 silly audit   '@rollup/rollup-linux-riscv64-musl': [ '4.46.2' ],
80 silly audit   '@rollup/rollup-linux-s390x-gnu': [ '4.46.2' ],
80 silly audit   '@rollup/rollup-linux-x64-gnu': [ '4.46.2' ],
80 silly audit   '@rollup/rollup-linux-x64-musl': [ '4.46.2' ],
80 silly audit   '@rollup/rollup-win32-arm64-msvc': [ '4.46.2' ],
80 silly audit   '@rollup/rollup-win32-ia32-msvc': [ '4.46.2' ],
80 silly audit   '@rollup/rollup-win32-x64-msvc': [ '4.46.2' ],
80 silly audit   '@sinclair/typebox': [ '0.27.8' ],
80 silly audit   '@standard-schema/spec': [ '1.0.0' ],
80 silly audit   '@standard-schema/utils': [ '0.3.0' ],
80 silly audit   '@tailwindcss/aspect-ratio': [ '0.4.2' ],
80 silly audit   '@tailwindcss/container-queries': [ '0.1.1' ],
80 silly audit   '@tailwindcss/forms': [ '0.5.10' ],
80 silly audit   '@tailwindcss/line-clamp': [ '0.1.0' ],
80 silly audit   '@tailwindcss/typography': [ '0.5.16' ],
80 silly audit   '@testing-library/dom': [ '7.31.2' ],
80 silly audit   '@testing-library/jest-dom': [ '5.17.0' ],
80 silly audit   chalk: [ '3.0.0', '4.1.2' ],
80 silly audit   '@testing-library/react': [ '11.2.7' ],
80 silly audit   '@types/aria-query': [ '4.2.2' ],
80 silly audit   '@types/yargs': [ '15.0.19', '17.0.33' ],
80 silly audit   'aria-query': [ '4.2.2', '5.3.0' ],
80 silly audit   'pretty-format': [ '26.6.2', '29.7.0' ],
80 silly audit   '@testing-library/user-event': [ '12.8.3' ],
80 silly audit   '@types/babel__core': [ '7.20.5' ],
80 silly audit   '@types/babel__generator': [ '7.27.0' ],
80 silly audit   '@types/babel__template': [ '7.4.4' ],
80 silly audit   '@types/babel__traverse': [ '7.20.7' ],
80 silly audit   '@types/d3-array': [ '3.2.1' ],
80 silly audit   '@types/d3-color': [ '3.1.3' ],
80 silly audit   '@types/d3-ease': [ '3.0.2' ],
80 silly audit   '@types/d3-interpolate': [ '3.0.4' ],
80 silly audit   '@types/d3-path': [ '3.1.1' ],
80 silly audit   '@types/d3-scale': [ '4.0.9' ],
80 silly audit   '@types/d3-shape': [ '3.1.7' ],
80 silly audit   '@types/d3-time': [ '3.0.4' ],
80 silly audit   '@types/d3-timer': [ '3.0.2' ],
80 silly audit   '@types/estree': [ '1.0.8' ],
80 silly audit   '@types/istanbul-lib-coverage': [ '2.0.6' ],
80 silly audit   '@types/istanbul-lib-report': [ '3.0.3' ],
80 silly audit   '@types/istanbul-reports': [ '3.0.4' ],
80 silly audit   '@types/jest': [ '29.5.14' ],
80 silly audit   'ansi-styles': [ '5.2.0', '4.3.0', '6.2.1' ],
80 silly audit   'react-is': [ '18.3.1', '16.13.1', '17.0.2' ],
80 silly audit   '@types/node': [ '24.0.0' ],
80 silly audit   '@types/stack-utils': [ '2.0.3' ],
80 silly audit   '@types/testing-library__jest-dom': [ '5.14.9' ],
80 silly audit   '@types/yargs-parser': [ '21.0.3' ],
80 silly audit   '@vitejs/plugin-react': [ '4.3.4' ],
80 silly audit   'ansi-regex': [ '5.0.1', '6.1.0' ],
80 silly audit   'any-promise': [ '1.3.0' ],
80 silly audit   anymatch: [ '3.1.3' ],
80 silly audit   arg: [ '5.0.2' ],
80 silly audit   asynckit: [ '0.4.0' ],
80 silly audit   autoprefixer: [ '10.4.2' ],
80 silly audit   axios: [ '1.9.0' ],
80 silly audit   'balanced-match': [ '1.0.2' ],
80 silly audit   'binary-extensions': [ '2.3.0' ],
80 silly audit   'brace-expansion': [ '2.0.2' ],
80 silly audit   braces: [ '3.0.3' ],
80 silly audit   browserslist: [ '4.25.0' ],
80 silly audit   'call-bind-apply-helpers': [ '1.0.2' ],
80 silly audit   'camelcase-css': [ '2.0.1' ],
80 silly audit   'caniuse-lite': [ '1.0.30001721' ],
80 silly audit   chokidar: [ '3.6.0' ],
80 silly audit   'glob-parent': [ '5.1.2', '6.0.2' ],
80 silly audit   'ci-info': [ '3.9.0' ],
80 silly audit   'class-variance-authority': [ '0.7.1' ],
80 silly audit   clsx: [ '2.1.1' ],
80 silly audit   'color-convert': [ '2.0.1' ],
80 silly audit   'color-name': [ '1.1.4' ],
80 silly audit   'combined-stream': [ '1.0.8' ],
80 silly audit   commander: [ '7.2.0', '4.1.1' ],
80 silly audit   'convert-source-map': [ '2.0.0' ],
80 silly audit   'core-js-pure': [ '3.43.0' ],
80 silly audit   'cross-spawn': [ '7.0.6' ],
80 silly audit   'css.escape': [ '1.5.1' ],
80 silly audit   cssesc: [ '3.0.0' ],
80 silly audit   csstype: [ '3.1.3' ],
80 silly audit   d3: [ '7.9.0' ],
80 silly audit   'd3-array': [ '3.2.4' ],
80 silly audit   'd3-axis': [ '3.0.0' ],
80 silly audit   'd3-brush': [ '3.0.0' ],
80 silly audit   'd3-chord': [ '3.0.1' ],
80 silly audit   'd3-color': [ '3.1.0' ],
80 silly audit   'd3-contour': [ '4.0.2' ],
80 silly audit   'd3-delaunay': [ '6.0.4' ],
80 silly audit   'd3-dispatch': [ '3.0.1' ],
80 silly audit   'd3-drag': [ '3.0.0' ],
80 silly audit   'd3-dsv': [ '3.0.1' ],
80 silly audit   'd3-ease': [ '3.0.1' ],
80 silly audit   'd3-fetch': [ '3.0.1' ],
80 silly audit   'd3-force': [ '3.0.0' ],
80 silly audit   'd3-format': [ '3.1.0' ],
80 silly audit   'd3-geo': [ '3.1.1' ],
80 silly audit   'd3-hierarchy': [ '3.1.2' ],
80 silly audit   'd3-interpolate': [ '3.0.1' ],
80 silly audit   'd3-path': [ '3.1.0' ],
80 silly audit   'd3-polygon': [ '3.0.1' ],
80 silly audit   'd3-quadtree': [ '3.0.1' ],
80 silly audit   'd3-random': [ '3.0.1' ],
80 silly audit   'd3-scale': [ '4.0.2' ],
80 silly audit   'd3-scale-chromatic': [ '3.1.0' ],
80 silly audit   'd3-selection': [ '3.0.0' ],
80 silly audit   'd3-shape': [ '3.2.0' ],
80 silly audit   'd3-time': [ '3.1.0' ],
80 silly audit   'd3-time-format': [ '4.1.0' ],
80 silly audit   'd3-timer': [ '3.0.1' ],
80 silly audit   'd3-transition': [ '3.0.1' ],
80 silly audit   'd3-zoom': [ '3.0.0' ],
80 silly audit   'date-fns': [ '4.1.0' ],
80 silly audit   debug: [ '4.4.1' ],
80 silly audit   'decimal.js-light': [ '2.5.1' ],
80 silly audit   delaunator: [ '5.0.1' ],
80 silly audit   'delayed-stream': [ '1.0.0' ],
80 silly audit   dequal: [ '2.0.3' ],
80 silly audit   didyoumean: [ '1.2.2' ],
80 silly audit   'diff-sequences': [ '29.6.3' ],
80 silly audit   dlv: [ '1.1.3' ],
80 silly audit   'dom-accessibility-api': [ '0.5.16' ],
80 silly audit   'dom-helpers': [ '5.2.1' ],
80 silly audit   dotenv: [ '16.5.0' ],
80 silly audit   'dunder-proto': [ '1.0.1' ],
80 silly audit   eastasianwidth: [ '0.2.0' ],
80 silly audit   'electron-to-chromium': [ '1.5.166' ],
80 silly audit   'emoji-regex': [ '9.2.2', '8.0.0' ],
80 silly audit   'es-define-property': [ '1.0.1' ],
80 silly audit   'es-errors': [ '1.3.0' ],
80 silly audit   'es-object-atoms': [ '1.1.1' ],
80 silly audit   'es-set-tostringtag': [ '2.1.0' ],
80 silly audit   esbuild: [ '0.25.9' ],
80 silly audit   escalade: [ '3.2.0' ],
80 silly audit   'escape-string-regexp': [ '2.0.0' ],
80 silly audit   eventemitter3: [ '4.0.7' ],
80 silly audit   expect: [ '29.7.0' ],
80 silly audit   'fast-equals': [ '5.2.2' ],
80 silly audit   'fast-glob': [ '3.3.3' ],
80 silly audit   fastq: [ '1.19.1' ],
80 silly audit   'fill-range': [ '7.1.1' ],
80 silly audit   'follow-redirects': [ '1.15.9' ],
80 silly audit   'foreground-child': [ '3.3.1' ],
80 silly audit   'form-data': [ '4.0.4' ],
80 silly audit   'fraction.js': [ '4.3.7' ],
80 silly audit   'framer-motion': [ '10.18.0' ],
80 silly audit   fsevents: [ '2.3.3' ],
80 silly audit   'function-bind': [ '1.1.2' ],
80 silly audit   gensync: [ '1.0.0-beta.2' ],
80 silly audit   'get-intrinsic': [ '1.3.0' ],
80 silly audit   'get-proto': [ '1.0.1' ],
80 silly audit   glob: [ '10.4.5' ],
80 silly audit   'glob-regex': [ '0.3.2' ],
80 silly audit   globals: [ '11.12.0' ],
80 silly audit   globrex: [ '0.1.2' ],
80 silly audit   gopd: [ '1.2.0' ],
80 silly audit   'graceful-fs': [ '4.2.11' ],
80 silly audit   'has-flag': [ '4.0.0' ],
80 silly audit   'has-symbols': [ '1.1.0' ],
80 silly audit   'has-tostringtag': [ '1.0.2' ],
80 silly audit   hasown: [ '2.0.2' ],
80 silly audit   'hex-rgb': [ '4.3.0' ],
80 silly audit   history: [ '5.3.0' ],
80 silly audit   'iconv-lite': [ '0.6.3' ],
80 silly audit   immer: [ '10.1.1' ],
80 silly audit   'indent-string': [ '4.0.0' ],
80 silly audit   internmap: [ '2.0.3' ],
80 silly audit   'is-binary-path': [ '2.1.0' ],
80 silly audit   'is-core-module': [ '2.16.1' ],
80 silly audit   'is-extglob': [ '2.1.1' ],
80 silly audit   'is-fullwidth-code-point': [ '3.0.0' ],
80 silly audit   'is-glob': [ '4.0.3' ],
80 silly audit   'is-number': [ '7.0.0' ],
80 silly audit   isexe: [ '2.0.0' ],
80 silly audit   jackspeak: [ '3.4.3' ],
80 silly audit   'jest-diff': [ '29.7.0' ],
80 silly audit   'jest-get-type': [ '29.6.3' ],
80 silly audit   'jest-matcher-utils': [ '29.7.0' ],
80 silly audit   'jest-message-util': [ '29.7.0' ],
80 silly audit   'jest-util': [ '29.7.0' ],
80 silly audit   'supports-color': [ '7.2.0' ],
80 silly audit   jiti: [ '1.21.7' ],
80 silly audit   'js-tokens': [ '4.0.0' ],
80 silly audit   jsesc: [ '3.1.0' ],
80 silly audit   json5: [ '2.2.3' ],
80 silly audit   lilconfig: [ '2.1.0', '3.1.3' ],
80 silly audit   'lines-and-columns': [ '1.2.4' ],
80 silly audit   lodash: [ '4.17.21' ],
80 silly audit   'lodash.castarray': [ '4.4.0' ],
80 silly audit   'lodash.isplainobject': [ '4.0.6' ],
80 silly audit   'lodash.merge': [ '4.6.2' ],
80 silly audit   'loose-envify': [ '1.4.0' ],
80 silly audit   'lru-cache': [ '5.1.1', '10.4.3' ],
80 silly audit   'lucide-react': [ '0.484.0' ],
80 silly audit   'lz-string': [ '1.5.0' ],
80 silly audit   'magic-string': [ '0.30.17' ],
80 silly audit   'math-intrinsics': [ '1.1.0' ],
80 silly audit   merge2: [ '1.4.1' ],
80 silly audit   micromatch: [ '4.0.8' ],
80 silly audit   'mime-db': [ '1.52.0' ],
80 silly audit   'mime-types': [ '2.1.35' ],
80 silly audit   'min-indent': [ '1.0.1' ],
80 silly audit   'mini-svg-data-uri': [ '1.4.4' ],
80 silly audit   minimatch: [ '9.0.5' ],
80 silly audit   minimist: [ '1.2.8' ],
80 silly audit   minipass: [ '7.1.2' ],
80 silly audit   ms: [ '2.1.3' ],
80 silly audit   mz: [ '2.7.0' ],
80 silly audit   nanoid: [ '3.3.11' ],
80 silly audit   postcss: [ '8.5.6' ],
80 silly audit   'node-releases': [ '2.0.19' ],
80 silly audit   'normalize-path': [ '3.0.0' ],
80 silly audit   'normalize-range': [ '0.1.2' ],
80 silly audit   'object-assign': [ '4.1.1' ],
80 silly audit   'object-hash': [ '3.0.0' ],
80 silly audit   'package-json-from-dist': [ '1.0.1' ],
80 silly audit   'path-key': [ '3.1.1' ],
80 silly audit   'path-parse': [ '1.0.7' ],
80 silly audit   'path-scurry': [ '1.11.1' ],
80 silly audit   picocolors: [ '1.1.1' ],
80 silly audit   picomatch: [ '2.3.1', '4.0.3' ],
80 silly audit   pify: [ '2.3.0' ],
80 silly audit   pirates: [ '4.0.7' ],
80 silly audit   'postcss-import': [ '15.1.0' ],
80 silly audit   'postcss-nested': [ '6.2.0' ],
80 silly audit   'postcss-selector-parser': [ '6.1.2', '6.0.10' ],
80 silly audit   'postcss-value-parser': [ '4.2.0' ],
80 silly audit   'prop-types': [ '15.8.1' ],
80 silly audit   'proxy-from-env': [ '1.1.0' ],
80 silly audit   'queue-microtask': [ '1.2.3' ],
80 silly audit   react: [ '18.3.1' ],
80 silly audit   'react-dom': [ '18.3.1' ],
80 silly audit   'react-fast-compare': [ '3.2.2' ],
80 silly audit   'react-helmet': [ '6.1.0' ],
80 silly audit   'react-hook-form': [ '7.57.0' ],
80 silly audit   'react-refresh': [ '0.14.2' ],
80 silly audit   'react-router': [ '6.0.2' ],
80 silly audit   'react-router-dom': [ '6.0.2' ],
80 silly audit   'react-router-hash-link': [ '2.4.3' ],
80 silly audit   'react-side-effect': [ '2.1.2' ],
80 silly audit   'react-smooth': [ '4.0.4' ],
80 silly audit   'react-transition-group': [ '4.4.5' ],
80 silly audit   'read-cache': [ '1.0.0' ],
80 silly audit   readdirp: [ '3.6.0' ],
80 silly audit   recharts: [ '2.15.3' ],
80 silly audit   'recharts-scale': [ '0.4.5' ],
80 silly audit   'recrawl-sync': [ '2.2.3' ],
80 silly audit   tslib: [ '1.14.1', '2.8.1' ],
80 silly audit   redent: [ '3.0.0' ],
80 silly audit   redux: [ '5.0.1' ],
80 silly audit   'redux-thunk': [ '3.1.0' ],
80 silly audit   reselect: [ '5.1.1' ],
80 silly audit   resolve: [ '1.22.10' ],
80 silly audit   reusify: [ '1.1.0' ],
80 silly audit   'robust-predicates': [ '3.0.2' ],
80 silly audit   rollup: [ '4.46.2' ],
80 silly audit   'run-parallel': [ '1.2.0' ],
80 silly audit   rw: [ '1.3.3' ],
80 silly audit   'safer-buffer': [ '2.1.2' ],
80 silly audit   scheduler: [ '0.23.2' ],
80 silly audit   semver: [ '6.3.1' ],
80 silly audit   'shebang-command': [ '2.0.0' ],
80 silly audit   'shebang-regex': [ '3.0.0' ],
80 silly audit   'signal-exit': [ '4.1.0' ],
80 silly audit   slash: [ '3.0.0' ],
80 silly audit   'source-map-js': [ '1.2.1' ],
80 silly audit   'stack-utils': [ '2.0.6' ],
80 silly audit   'string-width': [ '5.1.2', '4.2.3' ],
80 silly audit   'strip-ansi': [ '6.0.1', '7.1.0' ],
80 silly audit   'strip-bom': [ '3.0.0' ],
80 silly audit   'strip-indent': [ '3.0.0' ],
80 silly audit   sucrase: [ '3.35.0' ],
80 silly audit   'supports-preserve-symlinks-flag': [ '1.0.0' ],
80 silly audit   'tailwind-merge': [ '3.3.1' ],
80 silly audit   tailwindcss: [ '3.4.6' ],
80 silly audit   'tailwindcss-animate': [ '1.0.7' ],
80 silly audit   'tailwindcss-elevation': [ '2.0.0' ],
80 silly audit   'tailwindcss-fluid-type': [ '2.0.7' ],
80 silly audit   'postcss-js': [ '4.0.1' ],
80 silly audit   'postcss-load-config': [ '4.0.2' ],
80 silly audit   thenify: [ '3.3.1' ],
80 silly audit   'thenify-all': [ '1.6.0' ],
80 silly audit   'tiny-invariant': [ '1.3.3' ],
80 silly audit   tinyglobby: [ '0.2.14' ],
80 silly audit   fdir: [ '6.4.6' ],
80 silly audit   'to-regex-range': [ '5.0.1' ],
80 silly audit   'ts-interface-checker': [ '0.1.13' ],
80 silly audit   'tsconfig-paths': [ '4.2.0' ],
80 silly audit   'undici-types': [ '7.8.0' ],
80 silly audit   'update-browserslist-db': [ '1.1.3' ],
80 silly audit   'util-deprecate': [ '1.0.2' ],
80 silly audit   'victory-vendor': [ '36.9.2' ],
80 silly audit   vite: [ '7.1.2' ],
80 silly audit   'vite-tsconfig-paths': [ '3.6.0' ],
80 silly audit   which: [ '2.0.2' ],
80 silly audit   'wrap-ansi': [ '8.1.0', '7.0.0' ],
80 silly audit   yallist: [ '3.1.1' ],
80 silly audit   yaml: [ '2.8.0' ]
80 silly audit }
81 http fetch POST 200 https://registry.npmjs.org/-/npm/v1/security/advisories/bulk 388ms
82 silly audit report {}
83 silly REMOVE node_modules/webpack-sources
84 silly REMOVE node_modules/webpack
85 silly REMOVE node_modules/watchpack
86 silly REMOVE node_modules/terser-webpack-plugin
87 silly REMOVE node_modules/terser
88 silly REMOVE node_modules/terser/node_modules/commander
89 silly REMOVE node_modules/tapable
90 silly REMOVE node_modules/styled-jsx
91 silly REMOVE node_modules/source-map-support
92 silly REMOVE node_modules/source-map
93 silly REMOVE node_modules/serialize-javascript
94 silly REMOVE node_modules/schema-utils
95 silly REMOVE node_modules/safe-buffer
96 silly REMOVE node_modules/require-from-string
97 silly REMOVE node_modules/randombytes
98 silly REMOVE node_modules/pretty-format
99 silly REMOVE node_modules/pretty-format/node_modules/ansi-styles
100 silly REMOVE node_modules/next
101 silly REMOVE node_modules/next/node_modules/postcss
102 silly REMOVE node_modules/neo-async
103 silly REMOVE node_modules/merge-stream
104 silly REMOVE node_modules/loader-runner
105 silly REMOVE node_modules/json-schema-traverse
106 silly REMOVE node_modules/json-parse-even-better-errors
107 silly REMOVE node_modules/jest-worker
108 silly REMOVE node_modules/jest-worker/node_modules/supports-color
109 silly REMOVE node_modules/glob-to-regexp
110 silly REMOVE node_modules/fast-uri
111 silly REMOVE node_modules/fast-deep-equal
112 silly REMOVE node_modules/events
113 silly REMOVE node_modules/estraverse
114 silly REMOVE node_modules/esrecurse
115 silly REMOVE node_modules/esrecurse/node_modules/estraverse
116 silly REMOVE node_modules/eslint-scope
117 silly REMOVE node_modules/es-module-lexer
118 silly REMOVE node_modules/enhanced-resolve
119 silly REMOVE node_modules/client-only
120 silly REMOVE node_modules/chrome-trace-event
121 silly REMOVE node_modules/buffer-from
122 silly REMOVE node_modules/ajv-keywords
123 silly REMOVE node_modules/ajv-formats
124 silly REMOVE node_modules/ajv
125 silly REMOVE node_modules/acorn-import-phases
126 silly REMOVE node_modules/acorn
127 silly REMOVE node_modules/@xtuc/long
128 silly REMOVE node_modules/@xtuc/ieee754
129 silly REMOVE node_modules/@webassemblyjs/wast-printer
130 silly REMOVE node_modules/@webassemblyjs/wasm-parser
131 silly REMOVE node_modules/@webassemblyjs/wasm-opt
132 silly REMOVE node_modules/@webassemblyjs/wasm-gen
133 silly REMOVE node_modules/@webassemblyjs/wasm-edit
134 silly REMOVE node_modules/@webassemblyjs/utf8
135 silly REMOVE node_modules/@webassemblyjs/leb128
136 silly REMOVE node_modules/@webassemblyjs/ieee754
137 silly REMOVE node_modules/@webassemblyjs/helper-wasm-section
138 silly REMOVE node_modules/@webassemblyjs/helper-wasm-bytecode
139 silly REMOVE node_modules/@webassemblyjs/helper-numbers
140 silly REMOVE node_modules/@webassemblyjs/helper-buffer
141 silly REMOVE node_modules/@webassemblyjs/helper-api-error
142 silly REMOVE node_modules/@webassemblyjs/floating-point-hex-parser
143 silly REMOVE node_modules/@webassemblyjs/ast
144 silly REMOVE node_modules/@types/json-schema
145 silly REMOVE node_modules/@types/eslint-scope
146 silly REMOVE node_modules/@types/eslint
147 silly REMOVE node_modules/@types/aria-query
148 silly REMOVE node_modules/@testing-library/dom
149 silly REMOVE node_modules/@swc/helpers
150 silly REMOVE node_modules/@next/env
151 silly REMOVE node_modules/@jridgewell/source-map
152 verbose cwd /Users/shkelqimkajtazaj/Downloads/glasstask
153 verbose os Darwin 24.6.0
154 verbose node v24.5.0
155 verbose npm  v11.5.1
156 verbose exit 0
157 info ok
