0 verbose cli /opt/homebrew/Cellar/node/24.5.0/bin/node /opt/homebrew/bin/npm
1 info using npm@11.5.1
2 info using node@v24.5.0
3 silly config load:file:/opt/homebrew/lib/node_modules/npm/npmrc
4 silly config load:file:/Users/shkelqimkajtazaj/Library/Caches/typescript/5.8/.npmrc
5 silly config load:file:/Users/shkelqimkajtazaj/.npmrc
6 silly config load:file:/opt/homebrew/etc/npmrc
7 verbose title npm install @types/minimist@ts5.8
8 verbose argv "install" "--ignore-scripts" "@types/minimist@ts5.8" "--save-dev" "--user-agent" "typesInstaller/5.8.2"
9 verbose logfile logs-max:10 dir:/Users/shkelqimkajtazaj/.npm/_logs/2025-08-29T15_31_26_156Z-
10 verbose logfile /Users/shkelqimkajtazaj/.npm/_logs/2025-08-29T15_31_26_156Z-debug-0.log
11 silly logfile start cleaning logs, removing 1 files
12 silly packumentCache heap:4496293888 maxSize:1124073472 maxEntrySize:562036736
13 silly logfile done cleaning log files
14 silly packumentCache corgi:https://registry.npmjs.org/@types%2fminimist cache-miss
15 http fetch GET 200 https://registry.npmjs.org/@types%2fminimist 165ms (cache miss)
16 silly packumentCache corgi:https://registry.npmjs.org/@types%2fminimist set size:undefined disposed:false
17 silly idealTree buildDeps
18 silly fetch manifest @types/minimist@1.2.5
19 silly packumentCache full:https://registry.npmjs.org/@types%2fminimist cache-miss
20 http fetch GET 200 https://registry.npmjs.org/@types%2fminimist 46ms (cache miss)
21 silly packumentCache full:https://registry.npmjs.org/@types%2fminimist set size:undefined disposed:false
22 silly placeDep ROOT @types/minimist@1.2.5 OK for:  want: 1.2.5
23 silly reify moves {}
24 silly audit bulk request {
24 silly audit   '@aws-crypto/sha256-browser': [ '5.2.0' ],
24 silly audit   '@smithy/is-array-buffer': [ '2.2.0', '4.0.0' ],
24 silly audit   '@smithy/util-buffer-from': [ '2.2.0', '4.0.0' ],
24 silly audit   '@smithy/util-utf8': [ '2.3.0', '4.0.0' ],
24 silly audit   '@aws-crypto/sha256-js': [ '5.2.0' ],
24 silly audit   '@aws-crypto/supports-web-crypto': [ '5.2.0' ],
24 silly audit   '@aws-crypto/util': [ '5.2.0' ],
24 silly audit   '@aws-sdk/client-sesv2': [ '3.864.0' ],
24 silly audit   '@aws-sdk/client-sso': [ '3.864.0' ],
24 silly audit   '@aws-sdk/core': [ '3.864.0' ],
24 silly audit   '@aws-sdk/credential-provider-env': [ '3.864.0' ],
24 silly audit   '@aws-sdk/credential-provider-http': [ '3.864.0' ],
24 silly audit   '@aws-sdk/credential-provider-ini': [ '3.864.0' ],
24 silly audit   '@aws-sdk/credential-provider-node': [ '3.864.0' ],
24 silly audit   '@aws-sdk/credential-provider-process': [ '3.864.0' ],
24 silly audit   '@aws-sdk/credential-provider-sso': [ '3.864.0' ],
24 silly audit   '@aws-sdk/credential-provider-web-identity': [ '3.864.0' ],
24 silly audit   '@aws-sdk/middleware-host-header': [ '3.862.0' ],
24 silly audit   '@aws-sdk/middleware-logger': [ '3.862.0' ],
24 silly audit   '@aws-sdk/middleware-recursion-detection': [ '3.862.0' ],
24 silly audit   '@aws-sdk/middleware-sdk-s3': [ '3.864.0' ],
24 silly audit   '@aws-sdk/middleware-user-agent': [ '3.864.0' ],
24 silly audit   '@aws-sdk/nested-clients': [ '3.864.0' ],
24 silly audit   '@aws-sdk/region-config-resolver': [ '3.862.0' ],
24 silly audit   '@aws-sdk/signature-v4-multi-region': [ '3.864.0' ],
24 silly audit   '@aws-sdk/token-providers': [ '3.864.0' ],
24 silly audit   '@aws-sdk/types': [ '3.862.0' ],
24 silly audit   '@aws-sdk/util-arn-parser': [ '3.804.0' ],
24 silly audit   '@aws-sdk/util-endpoints': [ '3.862.0' ],
24 silly audit   '@aws-sdk/util-locate-window': [ '3.804.0' ],
24 silly audit   '@aws-sdk/util-user-agent-browser': [ '3.862.0' ],
24 silly audit   '@aws-sdk/util-user-agent-node': [ '3.864.0' ],
24 silly audit   '@aws-sdk/xml-builder': [ '3.862.0' ],
24 silly audit   '@colors/colors': [ '1.6.0' ],
24 silly audit   '@dabh/diagnostics': [ '2.0.3' ],
24 silly audit   '@smithy/abort-controller': [ '4.0.5' ],
24 silly audit   '@smithy/config-resolver': [ '4.1.5' ],
24 silly audit   '@smithy/core': [ '3.8.0' ],
24 silly audit   '@smithy/credential-provider-imds': [ '4.0.7' ],
24 silly audit   '@smithy/fetch-http-handler': [ '5.1.1' ],
24 silly audit   '@smithy/hash-node': [ '4.0.5' ],
24 silly audit   '@smithy/invalid-dependency': [ '4.0.5' ],
24 silly audit   '@smithy/middleware-content-length': [ '4.0.5' ],
24 silly audit   '@smithy/middleware-endpoint': [ '4.1.18' ],
24 silly audit   '@smithy/middleware-retry': [ '4.1.19' ],
24 silly audit   '@smithy/middleware-serde': [ '4.0.9' ],
24 silly audit   '@smithy/middleware-stack': [ '4.0.5' ],
24 silly audit   '@smithy/node-config-provider': [ '4.1.4' ],
24 silly audit   '@smithy/node-http-handler': [ '4.1.1' ],
24 silly audit   '@smithy/property-provider': [ '4.0.5' ],
24 silly audit   '@smithy/protocol-http': [ '5.1.3' ],
24 silly audit   '@smithy/querystring-builder': [ '4.0.5' ],
24 silly audit   '@smithy/querystring-parser': [ '4.0.5' ],
24 silly audit   '@smithy/service-error-classification': [ '4.0.7' ],
24 silly audit   '@smithy/shared-ini-file-loader': [ '4.0.5' ],
24 silly audit   '@smithy/signature-v4': [ '5.1.3' ],
24 silly audit   '@smithy/smithy-client': [ '4.4.10' ],
24 silly audit   '@smithy/types': [ '4.3.2' ],
24 silly audit   '@smithy/url-parser': [ '4.0.5' ],
24 silly audit   '@smithy/util-base64': [ '4.0.0' ],
24 silly audit   '@smithy/util-body-length-browser': [ '4.0.0' ],
24 silly audit   '@smithy/util-body-length-node': [ '4.0.0' ],
24 silly audit   '@smithy/util-config-provider': [ '4.0.0' ],
24 silly audit   '@smithy/util-defaults-mode-browser': [ '4.0.26' ],
24 silly audit   '@smithy/util-defaults-mode-node': [ '4.0.26' ],
24 silly audit   '@smithy/util-endpoints': [ '3.0.7' ],
24 silly audit   '@smithy/util-hex-encoding': [ '4.0.0' ],
24 silly audit   '@smithy/util-middleware': [ '4.0.5' ],
24 silly audit   '@smithy/util-retry': [ '4.0.7' ],
24 silly audit   '@smithy/util-stream': [ '4.2.4' ],
24 silly audit   '@smithy/util-uri-escape': [ '4.0.0' ],
24 silly audit   '@types/bcrypt': [ '6.0.0' ],
24 silly audit   '@types/body-parser': [ '1.19.6' ],
24 silly audit   '@types/connect': [ '3.4.38' ],
24 silly audit   '@types/cors': [ '2.8.19' ],
24 silly audit   '@types/d3': [ '7.4.3' ],
24 silly audit   '@types/d3-array': [ '3.2.1' ],
24 silly audit   '@types/d3-axis': [ '3.0.6' ],
24 silly audit   '@types/d3-brush': [ '3.0.6' ],
24 silly audit   '@types/d3-chord': [ '3.0.6' ],
24 silly audit   '@types/d3-color': [ '3.1.3' ],
24 silly audit   '@types/d3-contour': [ '3.0.6' ],
24 silly audit   '@types/d3-delaunay': [ '6.0.4' ],
24 silly audit   '@types/d3-dispatch': [ '3.0.7' ],
24 silly audit   '@types/d3-drag': [ '3.0.7' ],
24 silly audit   '@types/d3-dsv': [ '3.0.7' ],
24 silly audit   '@types/d3-ease': [ '3.0.2' ],
24 silly audit   '@types/d3-fetch': [ '3.0.7' ],
24 silly audit   '@types/d3-force': [ '3.0.10' ],
24 silly audit   '@types/d3-format': [ '3.0.4' ],
24 silly audit   '@types/d3-geo': [ '3.1.0' ],
24 silly audit   '@types/d3-hierarchy': [ '3.1.7' ],
24 silly audit   '@types/d3-interpolate': [ '3.0.4' ],
24 silly audit   '@types/d3-path': [ '3.1.1' ],
24 silly audit   '@types/d3-polygon': [ '3.0.2' ],
24 silly audit   '@types/d3-quadtree': [ '3.0.6' ],
24 silly audit   '@types/d3-random': [ '3.0.3' ],
24 silly audit   '@types/d3-scale': [ '4.0.9' ],
24 silly audit   '@types/d3-scale-chromatic': [ '3.1.0' ],
24 silly audit   '@types/d3-selection': [ '3.0.11' ],
24 silly audit   '@types/d3-shape': [ '3.1.7' ],
24 silly audit   '@types/d3-time': [ '3.0.4' ],
24 silly audit   '@types/d3-time-format': [ '4.0.3' ],
24 silly audit   '@types/d3-timer': [ '3.0.2' ],
24 silly audit   '@types/d3-transition': [ '3.0.9' ],
24 silly audit   '@types/d3-zoom': [ '3.0.8' ],
24 silly audit   '@types/estree': [ '1.0.8' ],
24 silly audit   '@types/expect': [ '1.20.4' ],
24 silly audit   '@types/express': [ '5.0.3' ],
24 silly audit   '@types/express-serve-static-core': [ '5.0.7' ],
24 silly audit   '@types/geojson': [ '7946.0.16' ],
24 silly audit   '@types/history': [ '4.7.11' ],
24 silly audit   '@types/http-errors': [ '2.0.5' ],
24 silly audit   '@types/jsonwebtoken': [ '9.0.10' ],
24 silly audit   '@types/less': [ '3.0.8' ],
24 silly audit   '@types/lodash': [ '4.17.20' ],
24 silly audit   '@types/mime': [ '1.3.5' ],
24 silly audit   '@types/ms': [ '2.1.0' ],
24 silly audit   '@types/node': [ '24.2.1' ],
24 silly audit   '@types/nodemailer': [ '7.0.1' ],
24 silly audit   '@types/opentype.js': [ '1.3.8' ],
24 silly audit   '@types/qs': [ '6.14.0' ],
24 silly audit   '@types/range-parser': [ '1.2.7' ],
24 silly audit   '@types/react': [ '19.1.12' ],
24 silly audit   '@types/react-dom': [ '19.1.9' ],
24 silly audit   '@types/react-helmet': [ '6.1.11' ],
24 silly audit   '@types/react-router': [ '5.1.20' ],
24 silly audit   '@types/react-router-dom': [ '5.3.3' ],
24 silly audit   '@types/react-router-hash-link': [ '2.4.9' ],
24 silly audit   '@types/send': [ '0.17.5' ],
24 silly audit   '@types/serve-static': [ '1.15.8' ],
24 silly audit   '@types/stylus': [ '0.48.43' ],
24 silly audit   '@types/svg-sprite': [ '0.0.39' ],
24 silly audit   '@types/triple-beam': [ '1.3.5' ],
24 silly audit   '@types/uuid': [ '9.0.8' ],
24 silly audit   '@types/vinyl': [ '2.0.12' ],
24 silly audit   async: [ '3.2.6' ],
24 silly audit   bowser: [ '2.12.0' ],
24 silly audit   color: [ '3.2.1' ],
24 silly audit   'color-convert': [ '1.9.3' ],
24 silly audit   'color-name': [ '1.1.3' ],
24 silly audit   'color-string': [ '1.9.1' ],
24 silly audit   colorspace: [ '1.1.4' ],
24 silly audit   csstype: [ '3.1.3' ],
24 silly audit   enabled: [ '2.0.0' ],
24 silly audit   'fast-xml-parser': [ '5.2.5' ],
24 silly audit   fecha: [ '4.2.3' ],
24 silly audit   'fn.name': [ '1.1.0' ],
24 silly audit   inherits: [ '2.0.4' ],
24 silly audit   'is-arrayish': [ '0.3.2' ],
24 silly audit   'is-stream': [ '2.0.1' ],
24 silly audit   kuler: [ '2.0.0' ],
24 silly audit   logform: [ '2.7.0' ],
24 silly audit   ms: [ '2.1.3' ],
24 silly audit   'one-time': [ '1.0.0' ],
24 silly audit   'readable-stream': [ '3.6.2' ],
24 silly audit   'safe-buffer': [ '5.2.1' ],
24 silly audit   'safe-stable-stringify': [ '2.5.0' ],
24 silly audit   'simple-swizzle': [ '0.2.2' ],
24 silly audit   'stack-trace': [ '0.0.10' ],
24 silly audit   string_decoder: [ '1.3.0' ],
24 silly audit   strnum: [ '2.1.1' ],
24 silly audit   'text-hex': [ '1.0.0' ],
24 silly audit   'triple-beam': [ '1.4.1' ],
24 silly audit   tslib: [ '2.8.1' ],
24 silly audit   'types-registry': [ '0.1.735' ],
24 silly audit   'undici-types': [ '7.10.0' ],
24 silly audit   'util-deprecate': [ '1.0.2' ],
24 silly audit   uuid: [ '9.0.1' ],
24 silly audit   winston: [ '3.17.0' ],
24 silly audit   'winston-transport': [ '4.9.0' ],
24 silly audit   '@types/minimist': [ '1.2.5' ]
24 silly audit }
25 http cache @types/minimist@https://registry.npmjs.org/@types/minimist/-/minimist-1.2.5.tgz 1ms (cache hit)
26 silly tarball no local data for @types/minimist@https://registry.npmjs.org/@types/minimist/-/minimist-1.2.5.tgz. Extracting by manifest.
27 http fetch GET 200 https://registry.npmjs.org/@types/minimist/-/minimist-1.2.5.tgz 160ms (cache miss)
28 http fetch POST 200 https://registry.npmjs.org/-/npm/v1/security/advisories/bulk 232ms
29 silly audit report {}
30 silly ADD node_modules/@types/minimist
31 verbose cwd /Users/shkelqimkajtazaj/Library/Caches/typescript/5.8
32 verbose os Darwin 24.6.0
33 verbose node v24.5.0
34 verbose npm  v11.5.1
35 verbose exit 0
36 info ok
